<?xml version="1.0" encoding="UTF-8"?>
<!-- Generated by org.testng.reporters.JUnitXMLReporter -->
<testsuite ignored="0" hostname="LAPTOP-66UG6JS3" failures="3" tests="19" name="Surefire test" time="132.977" errors="0" timestamp="2022-08-14T18:14:05 EET">
  <testcase classname="io.cucumber.testng.AbstractTestNGCucumberTests" name="runScenario" time="9.538"/>
  <testcase classname="io.cucumber.testng.AbstractTestNGCucumberTests" name="runScenario" time="6.181"/>
  <testcase classname="io.cucumber.testng.AbstractTestNGCucumberTests" name="runScenario" time="5.509"/>
  <testcase classname="io.cucumber.testng.AbstractTestNGCucumberTests" name="runScenario" time="6.423"/>
  <testcase classname="io.cucumber.testng.AbstractTestNGCucumberTests" name="runScenario" time="6.742"/>
  <testcase classname="io.cucumber.testng.AbstractTestNGCucumberTests" name="runScenario" time="5.972"/>
  <testcase classname="io.cucumber.testng.AbstractTestNGCucumberTests" name="runScenario" time="6.064"/>
  <testcase classname="io.cucumber.testng.AbstractTestNGCucumberTests" name="runScenario" time="9.312"/>
  <testcase classname="io.cucumber.testng.AbstractTestNGCucumberTests" name="runScenario" time="7.636"/>
  <testcase classname="io.cucumber.testng.AbstractTestNGCucumberTests" name="runScenario" time="7.991"/>
  <testcase classname="io.cucumber.testng.AbstractTestNGCucumberTests" name="runScenario" time="8.027"/>
  <testcase classname="io.cucumber.testng.AbstractTestNGCucumberTests" name="runScenario" time="5.002">
    <failure type="java.lang.AssertionError" message="expected [https://demo.nopcommerce.com/] but found [https://demo.nopcommerce.com/nokia-lumia-1020]">
      <![CDATA[java.lang.AssertionError: expected [https://demo.nopcommerce.com/] but found [https://demo.nopcommerce.com/nokia-lumia-1020]
at org.example.stepDefs.D06_homeSlidersStepDef.userIsNavigatedTo(D06_homeSlidersStepDef.java:20)
at ✽.user is navigated to "https://demo.nopcommerce.com/nokia-lumia-1020"(file:///C:/Users/Daniel/IdeaProjects/temp/src/main/resources/features/F06_homeSliders.feature:9)
... Removed 6 stack frames]]>
    </failure>
  </testcase> <!-- runScenario -->
  <testcase classname="io.cucumber.testng.AbstractTestNGCucumberTests" name="runScenario" time="8.108">
    <failure type="java.lang.AssertionError" message="expected [https://demo.nopcommerce.com/] but found [https://demo.nopcommerce.com/iphone-6]">
      <![CDATA[java.lang.AssertionError: expected [https://demo.nopcommerce.com/] but found [https://demo.nopcommerce.com/iphone-6]
at org.example.stepDefs.D06_homeSlidersStepDef.userIsNavigatedTo(D06_homeSlidersStepDef.java:20)
at ✽.user is navigated to "https://demo.nopcommerce.com/iphone-6"(file:///C:/Users/Daniel/IdeaProjects/temp/src/main/resources/features/F06_homeSliders.feature:13)
... Removed 6 stack frames]]>
    </failure>
  </testcase> <!-- runScenario -->
  <testcase classname="io.cucumber.testng.AbstractTestNGCucumberTests" name="runScenario" time="6.675"/>
  <testcase classname="io.cucumber.testng.AbstractTestNGCucumberTests" name="runScenario" time="5.5"/>
  <testcase classname="io.cucumber.testng.AbstractTestNGCucumberTests" name="runScenario" time="5.428">
    <failure type="java.lang.AssertionError" message="expected [https://demo.nopcommerce.com/new-online-store-is-open] but found [https://demo.nopcommerce.com/news/rss/1]">
      <![CDATA[java.lang.AssertionError: expected [https://demo.nopcommerce.com/new-online-store-is-open] but found [https://demo.nopcommerce.com/news/rss/1]
at org.example.pages.P03_homePage.checkNewTabUrl(P03_homePage.java:110)
at org.example.stepDefs.D07_followUsStepDef.userIsNavigatedToNewTab(D07_followUsStepDef.java:18)
at ✽.user is navigated to "https://demo.nopcommerce.com/new-online-store-is-open" new tab(file:///C:/Users/Daniel/IdeaProjects/temp/src/main/resources/features/F07_followUs.feature:17)
... Removed 6 stack frames]]>
    </failure>
  </testcase> <!-- runScenario -->
  <testcase classname="io.cucumber.testng.AbstractTestNGCucumberTests" name="runScenario" time="10.17"/>
  <testcase classname="io.cucumber.testng.AbstractTestNGCucumberTests" name="runScenario" time="5.09"/>
  <testcase classname="io.cucumber.testng.AbstractTestNGCucumberTests" name="runScenario" time="6.708"/>
</testsuite> <!-- Surefire test -->
