<?xml version="1.0" encoding="UTF-8"?>
<testsuite xmlns:xsi="http://www.w3.org/2001/XMLSchema-instance" xsi:noNamespaceSchemaLocation="https://maven.apache.org/surefire/maven-surefire-plugin/xsd/surefire-test-report-3.0.xsd" version="3.0" name="org.example.testRunner.runners" time="140.014" tests="19" errors="0" skipped="0" failures="3">
  <properties>
[...]
</properties>
  <testcase name="runScenario" classname="org.example.testRunner.runners" time="8.068"/>
  <testcase name="runScenario" classname="org.example.testRunner.runners" time="6.011"/>
  <testcase name="runScenario" classname="org.example.testRunner.runners" time="5.487"/>
  <testcase name="runScenario" classname="org.example.testRunner.runners" time="8.427"/>
  <testcase name="runScenario" classname="org.example.testRunner.runners" time="6.039"/>
  <testcase name="runScenario" classname="org.example.testRunner.runners" time="5.861"/>
  <testcase name="runScenario" classname="org.example.testRunner.runners" time="7.343"/>
  <testcase name="runScenario" classname="org.example.testRunner.runners" time="7.704"/>
  <testcase name="runScenario" classname="org.example.testRunner.runners" time="9.886"/>
  <testcase name="runScenario" classname="org.example.testRunner.runners" time="8.732"/>
  <testcase name="runScenario" classname="org.example.testRunner.runners" time="7.966"/>
  <testcase name="runScenario" classname="org.example.testRunner.runners" time="5.726">
    <failure message="expected [https://demo.nopcommerce.com/] but found [https://demo.nopcommerce.com/nokia-lumia-1020]" type="java.lang.AssertionError"><![CDATA[java.lang.AssertionError: expected [https://demo.nopcommerce.com/] but found [https://demo.nopcommerce.com/nokia-lumia-1020]
]]></failure>
    <system-err><![CDATA[Starting Microsoft Edge WebDriver 103.0.1264.77 (2b250f2585e4f7418e51e230b93685cdc0ed9db5) on port 60714
To submit feedback, report a bug, or suggest new features, please visit https://github.com/MicrosoftEdge/EdgeWebDriver

Only local connections are allowed.
Please see https://aka.ms/WebDriverSecurity for suggestions on keeping Microsoft Edge WebDriver safe.

Microsoft Edge WebDriver was started successfully.
[1660322219.549][WARNING]: This version of Microsoft Edge WebDriver has not been tested with Microsoft Edge version 104.
Aug 12, 2022 6:36:59 PM org.openqa.selenium.remote.ProtocolHandshake createSession
INFO: Detected upstream dialect: W3C
Aug 12, 2022 6:36:59 PM org.openqa.selenium.devtools.CdpVersionFinder findNearestMatch
WARNING: Unable to find an exact match for CDP version 104, so returning the closest version found: 103
Aug 12, 2022 6:36:59 PM org.openqa.selenium.devtools.CdpVersionFinder findNearestMatch
INFO: Found CDP implementation for version 104 of 103
]]></system-err>
  </testcase>
  <testcase name="runScenario" classname="org.example.testRunner.runners" time="9.514">
    <failure message="expected [https://demo.nopcommerce.com/] but found [https://demo.nopcommerce.com/iphone-6]" type="java.lang.AssertionError"><![CDATA[java.lang.AssertionError: expected [https://demo.nopcommerce.com/] but found [https://demo.nopcommerce.com/iphone-6]
]]></failure>
    <system-err><![CDATA[Starting Microsoft Edge WebDriver 103.0.1264.77 (2b250f2585e4f7418e51e230b93685cdc0ed9db5) on port 64497
To submit feedback, report a bug, or suggest new features, please visit https://github.com/MicrosoftEdge/EdgeWebDriver

Only local connections are allowed.
Please see https://aka.ms/WebDriverSecurity for suggestions on keeping Microsoft Edge WebDriver safe.

Microsoft Edge WebDriver was started successfully.
[1660322224.532][WARNING]: This version of Microsoft Edge WebDriver has not been tested with Microsoft Edge version 104.
Aug 12, 2022 6:37:04 PM org.openqa.selenium.remote.ProtocolHandshake createSession
INFO: Detected upstream dialect: W3C
Aug 12, 2022 6:37:04 PM org.openqa.selenium.devtools.CdpVersionFinder findNearestMatch
WARNING: Unable to find an exact match for CDP version 104, so returning the closest version found: 103
Aug 12, 2022 6:37:04 PM org.openqa.selenium.devtools.CdpVersionFinder findNearestMatch
INFO: Found CDP implementation for version 104 of 103
]]></system-err>
  </testcase>
  <testcase name="runScenario" classname="org.example.testRunner.runners" time="7.233"/>
  <testcase name="runScenario" classname="org.example.testRunner.runners" time="6.776"/>
  <testcase name="runScenario" classname="org.example.testRunner.runners" time="6.663">
    <failure message="expected [https://demo.nopcommerce.com/new-online-store-is-open] but found [https://demo.nopcommerce.com/news/rss/1]" type="java.lang.AssertionError"><![CDATA[java.lang.AssertionError: expected [https://demo.nopcommerce.com/new-online-store-is-open] but found [https://demo.nopcommerce.com/news/rss/1]
]]></failure>
    <system-err><![CDATA[Starting Microsoft Edge WebDriver 103.0.1264.77 (2b250f2585e4f7418e51e230b93685cdc0ed9db5) on port 57071
To submit feedback, report a bug, or suggest new features, please visit https://github.com/MicrosoftEdge/EdgeWebDriver

Only local connections are allowed.
Please see https://aka.ms/WebDriverSecurity for suggestions on keeping Microsoft Edge WebDriver safe.

Microsoft Edge WebDriver was started successfully.
[1660322248.188][WARNING]: This version of Microsoft Edge WebDriver has not been tested with Microsoft Edge version 104.
Aug 12, 2022 6:37:28 PM org.openqa.selenium.remote.ProtocolHandshake createSession
INFO: Detected upstream dialect: W3C
Aug 12, 2022 6:37:28 PM org.openqa.selenium.devtools.CdpVersionFinder findNearestMatch
WARNING: Unable to find an exact match for CDP version 104, so returning the closest version found: 103
Aug 12, 2022 6:37:28 PM org.openqa.selenium.devtools.CdpVersionFinder findNearestMatch
INFO: Found CDP implementation for version 104 of 103
]]></system-err>
  </testcase>
  <testcase name="runScenario" classname="org.example.testRunner.runners" time="8.202"/>
  <testcase name="runScenario" classname="org.example.testRunner.runners" time="6.64"/>
  <testcase name="runScenario" classname="org.example.testRunner.runners" time="6.393"/>
</testsuite>